[2021-09-20 10:29:55.594] [info]  Checking for update
[2021-09-20 10:29:55.654] [info]  Generated new staging user ID: aeb2292f-529a-5708-9ce0-840dc43e3325
[2021-09-20 10:29:56.345] [info]  Update for version 1.28.2 is not available (latest version: 1.28.2, downgrade is disallowed).
[2021-09-20 15:29:23.200] [info]  Checking for update
[2021-09-20 15:29:23.538] [info]  Update for version 1.28.2 is not available (latest version: 1.28.2, downgrade is disallowed).
[2021-09-20 18:23:39.292] [info]  Checking for update
[2021-09-20 18:23:40.007] [info]  Update for version 1.28.2 is not available (latest version: 1.28.2, downgrade is disallowed).
[2021-09-21 07:20:27.717] [info]  Checking for update
[2021-09-21 07:20:28.205] [info]  Update for version 1.28.2 is not available (latest version: 1.28.2, downgrade is disallowed).
[2021-09-21 18:21:47.772] [info]  Checking for update
[2021-09-21 18:21:48.983] [info]  Update for version 1.28.2 is not available (latest version: 1.28.2, downgrade is disallowed).
[2021-09-22 07:15:52.905] [info]  Checking for update
[2021-09-22 07:15:54.007] [info]  Update for version 1.28.2 is not available (latest version: 1.28.2, downgrade is disallowed).
[2021-09-22 13:39:12.765] [info]  Checking for update
[2021-09-22 13:39:13.909] [info]  Update for version 1.28.2 is not available (latest version: 1.28.2, downgrade is disallowed).
[2021-09-22 18:18:59.845] [info]  Checking for update
[2021-09-22 18:19:00.588] [info]  Found version 1.28.3 (url: Bitwarden-1.28.3-x86_64.AppImage)
[2021-09-22 18:19:00.592] [info]  Downloading update from Bitwarden-1.28.3-x86_64.AppImage
[2021-09-22 18:19:03.458] [info]  File has 370 changed blocks
[2021-09-22 18:19:03.517] [info]  Full: 82,931.03 KB, To download: 7,618.09 KB (9%)
[2021-09-22 18:19:03.520] [info]  Differential download: https://github.com/bitwarden/desktop/releases/download/v1.28.3/Bitwarden-1.28.3-x86_64.AppImage
[2021-09-22 18:19:03.552] [info]  Redirect to https://github-releases.githubusercontent.com/76930145/da9088a6-24d6-4a0d-87a7-e229a8e17af7
[2021-09-22 18:19:06.135] [info]  New version 1.28.3 has been downloaded to /home/andre/.cache/bitwarden-updater/pending/Bitwarden-1.28.3-x86_64.AppImage
[2021-09-22 18:19:22.894] [info]  Install on explicit quitAndInstall
[2021-09-22 18:19:22.895] [info]  Install: isSilent: false, isForceRunAfter: true
[2021-09-22 18:19:22.962] [info]  Update installer has already been triggered. Quitting application.
[2021-09-22 18:19:30.395] [info]  Checking for update
[2021-09-22 18:19:30.810] [info]  Update for version 1.28.3 is not available (latest version: 1.28.3, downgrade is disallowed).
[2021-09-26 10:37:07.819] [info]  Checking for update
[2021-09-26 10:37:09.108] [info]  Update for version 1.28.3 is not available (latest version: 1.28.3, downgrade is disallowed).
[2021-10-01 11:05:00.899] [info]  Checking for update
[2021-10-01 11:05:01.706] [info]  Update for version 1.28.3 is not available (latest version: 1.28.3, downgrade is disallowed).
[2021-10-05 20:00:38.011] [info]  Checking for update
[2021-10-05 20:00:38.655] [info]  Update for version 1.28.3 is not available (latest version: 1.28.3, downgrade is disallowed).
[2021-10-06 10:14:36.032] [info]  Checking for update
[2021-10-06 10:14:41.516] [info]  Update for version 1.28.3 is not available (latest version: 1.28.3, downgrade is disallowed).
[2021-10-08 06:58:22.480] [info]  Checking for update
[2021-10-08 06:58:23.598] [info]  Update for version 1.28.3 is not available (latest version: 1.28.3, downgrade is disallowed).
[2021-10-11 09:30:10.610] [info]  Checking for update
[2021-10-11 09:30:11.446] [info]  Update for version 1.28.3 is not available (latest version: 1.28.3, downgrade is disallowed).
[2021-10-11 21:03:32.639] [info]  Checking for update
[2021-10-11 21:03:33.186] [info]  Update for version 1.28.3 is not available (latest version: 1.28.3, downgrade is disallowed).
[2021-10-14 21:35:59.078] [info]  Checking for update
[2021-10-14 21:35:59.936] [info]  Update for version 1.28.3 is not available (latest version: 1.28.3, downgrade is disallowed).
[2021-10-18 13:08:12.633] [info]  Checking for update
[2021-10-18 13:08:13.887] [info]  Update for version 1.28.3 is not available (latest version: 1.28.3, downgrade is disallowed).
[2021-10-19 23:32:18.350] [info]  Checking for update
[2021-10-19 23:32:18.923] [info]  Update for version 1.28.3 is not available (latest version: 1.28.3, downgrade is disallowed).
[2021-10-20 20:54:55.046] [info]  Checking for update
[2021-10-20 20:54:55.915] [info]  Update for version 1.28.3 is not available (latest version: 1.28.3, downgrade is disallowed).
[2021-10-21 18:46:15.908] [info]  Checking for update
[2021-10-21 18:46:17.068] [info]  Update for version 1.28.3 is not available (latest version: 1.28.3, downgrade is disallowed).
[2021-10-22 06:50:54.451] [info]  Checking for update
[2021-10-22 06:50:55.706] [info]  Update for version 1.28.3 is not available (latest version: 1.28.3, downgrade is disallowed).
[2021-10-23 12:16:44.112] [info]  Checking for update
[2021-10-23 12:16:45.180] [info]  Update for version 1.28.3 is not available (latest version: 1.28.3, downgrade is disallowed).
[2021-10-28 17:24:25.364] [info]  Checking for update
[2021-10-28 17:24:26.019] [info]  Found version 1.29.0 (url: Bitwarden-1.29.0-x86_64.AppImage)
[2021-10-28 17:24:26.022] [info]  Downloading update from Bitwarden-1.29.0-x86_64.AppImage
[2021-10-28 17:24:26.054] [info]  Cached update sha512 checksum doesn't match the latest available update. New update must be downloaded. Cached: V6CisLNxt4k0/r2O8IVoT4ikxPXJmfrqH0KyZSsEFUicKolZbquxcs5025+UCxH5j6j5rKVgJPVqsTZlEsoBLQ==, expected: 4RUIGVGiomXZbHzrShtHshGlqD2ZDzihtQhem066LWdJ5I/g1BqRzVzurtGR2pFq3efzhjg11JDC0B2yXaUFqw==. Directory for cached update will be cleaned
[2021-10-28 17:24:28.977] [info]  File has 4122 changed blocks
[2021-10-28 17:24:29.041] [info]  Full: 85,504.65 KB, To download: 85,148.01 KB (100%)
[2021-10-28 17:24:29.043] [info]  Differential download: https://github.com/bitwarden/desktop/releases/download/v1.29.0/Bitwarden-1.29.0-x86_64.AppImage
[2021-10-28 17:24:29.075] [info]  Redirect to https://github-releases.githubusercontent.com/76930145/90f3b014-65f8-43a6-be76-3b7db40a3be3
[2021-10-28 17:24:46.899] [info]  New version 1.29.0 has been downloaded to /home/andre/.cache/bitwarden-updater/pending/Bitwarden-1.29.0-x86_64.AppImage
[2021-10-28 18:58:28.976] [info]  Auto install update on quit
[2021-10-28 18:58:28.978] [info]  Install: isSilent: true, isForceRunAfter: false
