Validando git localizado em: git
Usando git 2.33.0 de git
Opening repository for path='/home/andre/Documentos/Externos/Meus textos' failed; ex=Failed to execute git {
  "exitCode": 128,
  "gitErrorCode": "NotAGitRepository",
  "gitCommand": "rev-parse",
  "stdout": "",
  "stderr": "fatal: not a git repository (or any parent up to mount point /media)\nStopping at filesystem boundary (GIT_DISCOVERY_ACROSS_FILESYSTEM not set).\n"
}
Opening repository for path='/home/andre/Documentos/Externos/Meus textos/.vscode' failed; ex=Failed to execute git {
  "exitCode": 128,
  "gitErrorCode": "NotAGitRepository",
  "gitCommand": "rev-parse",
  "stdout": "",
  "stderr": "fatal: not a git repository (or any parent up to mount point /media)\nStopping at filesystem boundary (GIT_DISCOVERY_ACROSS_FILESYSTEM not set).\n"
}
Opening repository for path='/home/andre/Documentos/Externos/Meus textos/O Oriente Se Lembra.docx' failed; ex=Error: spawn ENOTDIR
Opening repository for path='/home/andre/Documentos/Externos/Meus textos/O Oriente Se Lembra.odt' failed; ex=Error: spawn ENOTDIR
Opening repository for path='/home/andre/Documentos/Externos/Meus textos/Ter.docx' failed; ex=Error: spawn ENOTDIR
Opening repository for path='/home/andre/Documentos/Externos/Meus textos/The Alexiad quote.txt' failed; ex=Error: spawn ENOTDIR
Opening repository for path='/home/andre/Documentos/Externos/Meus textos/Wilson.md' failed; ex=Error: spawn ENOTDIR
Opening repository for path='/home/andre/Documentos/Externos/Meus textos' failed; ex=Failed to execute git {
  "exitCode": 128,
  "gitErrorCode": "NotAGitRepository",
  "gitCommand": "rev-parse",
  "stdout": "",
  "stderr": "fatal: not a git repository (or any parent up to mount point /media)\nStopping at filesystem boundary (GIT_DISCOVERY_ACROSS_FILESYSTEM not set).\n"
}
