00:00:00.478058 VirtualBox GUI VM Selector Window 6.1.26 r145957 linux.amd64 (Aug 31 2021 17:00:48) release log
00:00:00.478061 Log opened 2021-11-01T13:27:00.238125000Z
00:00:00.478062 Build Type: release
00:00:00.478068 OS Product: Linux
00:00:00.478069 OS Release: 5.14.0-3-amd64
00:00:00.478071 OS Version: #1 SMP Debian 5.14.12-1 (2021-10-14)
00:00:00.478107 DMI Product Name: X550LA
00:00:00.478119 DMI Product Version: 1.0       
00:00:00.478130 Firmware type: UEFI
00:00:00.478568 Secure Boot: Disabled
00:00:00.478627 Host RAM: 7839MB (7.6GB) total, 6818MB (6.6GB) available
00:00:00.478634 Executable: /usr/lib/virtualbox/VirtualBox
00:00:00.478635 Process ID: 19694
00:00:00.478636 Package type: LINUX_64BITS__DEBIAN_11
00:00:00.478670 Qt version: 5.15.2
00:00:00.508041 GUI: UIMediumEnumerator: Medium-enumeration started...
00:00:01.202353 GUI: UIDesktopWidgetWatchdog::sltHandleHostScreenAvailableGeometryCalculated: Screen 0 work area is actually resized to: 0x32 x 1920x1048
00:00:01.460425 GUI: UIMediumEnumerator: Medium-enumeration finished!
00:00:01.478679 refreshCertificates/#1: InMem.Cert.TbsCertificate.T3.Extensions.papItems[#].ExtnValue.NameConstraints.T0.PermittedSubtrees.papItems[#]: Unexpected sequence type/flags: 0x2/0x80 (expected 0x10/0x20)
00:00:05.281621 convertVerifyAndAddPemCertificateToStore: cbData=0x1c640 expected 0x4d7
00:00:05.283568 refreshCertificates/#3: Found 0/126 SSL certs we/you trust (previously 0/126).
00:09:44.237035 GUI: UIMediumEnumerator: Medium-enumeration finished!
