[2021-10-31 16:26:00.662] [exthost] [info] extension host started
[2021-10-31 16:26:00.662] [exthost] [info] Skipping acquiring lock for /home/andre/.config/Code/User/workspaceStorage/bd6eca5955ceb47f38f4d55a29cbb4a9.
[2021-10-31 16:26:00.791] [exthost] [info] ExtensionService#_doActivateExtension vscode.microsoft-authentication, startup: false, activationEvent: 'onAuthenticationRequest:microsoft'
[2021-10-31 16:26:00.791] [exthost] [info] ExtensionService#loadCommonJSModule file:///usr/share/code/resources/app/extensions/microsoft-authentication/dist/extension.js
[2021-10-31 16:26:00.828] [exthost] [info] ExtensionService#_doActivateExtension vscode.extension-editing, startup: false, activationEvent: 'onLanguage:markdown'
[2021-10-31 16:26:00.828] [exthost] [info] ExtensionService#loadCommonJSModule file:///usr/share/code/resources/app/extensions/extension-editing/dist/extensionEditingMain
[2021-10-31 16:26:00.865] [exthost] [info] ExtensionService#_doActivateExtension vscode.markdown-language-features, startup: false, activationEvent: 'onLanguage:markdown'
[2021-10-31 16:26:00.865] [exthost] [info] ExtensionService#loadCommonJSModule file:///usr/share/code/resources/app/extensions/markdown-language-features/dist/extension
[2021-10-31 16:26:00.940] [exthost] [info] ExtensionService#_doActivateExtension shd101wyy.markdown-preview-enhanced, startup: false, activationEvent: 'onLanguage:markdown'
[2021-10-31 16:26:00.940] [exthost] [info] ExtensionService#loadCommonJSModule file:///home/andre/.vscode/extensions/shd101wyy.markdown-preview-enhanced-0.6.1/out/src/extension
[2021-10-31 16:26:02.692] [exthost] [info] ExtensionService#_doActivateExtension vscode.debug-auto-launch, startup: true, activationEvent: '*'
[2021-10-31 16:26:02.692] [exthost] [info] ExtensionService#loadCommonJSModule file:///usr/share/code/resources/app/extensions/debug-auto-launch/dist/extension
[2021-10-31 16:26:02.697] [exthost] [info] ExtensionService#_doActivateExtension vscode.git, startup: true, activationEvent: '*', root cause: vscode.github
[2021-10-31 16:26:02.697] [exthost] [info] ExtensionService#loadCommonJSModule file:///usr/share/code/resources/app/extensions/git/dist/main
[2021-10-31 16:26:02.723] [exthost] [info] ExtensionService#_doActivateExtension streetsidesoftware.code-spell-checker, startup: true, activationEvent: '*', root cause: streetsidesoftware.code-spell-checker-portuguese-brazilian
[2021-10-31 16:26:02.724] [exthost] [info] ExtensionService#loadCommonJSModule file:///home/andre/.vscode/extensions/streetsidesoftware.code-spell-checker-2.0.10/packages/client/dist/extension.js
[2021-10-31 16:26:03.059] [exthost] [info] ExtensionService#_doActivateExtension vscode.github, startup: true, activationEvent: '*'
[2021-10-31 16:26:03.059] [exthost] [info] ExtensionService#loadCommonJSModule file:///usr/share/code/resources/app/extensions/github/dist/extension.js
[2021-10-31 16:26:03.068] [exthost] [info] ExtensionService#_doActivateExtension streetsidesoftware.code-spell-checker-portuguese-brazilian, startup: true, activationEvent: '*'
[2021-10-31 16:26:03.068] [exthost] [info] ExtensionService#loadCommonJSModule file:///home/andre/.vscode/extensions/streetsidesoftware.code-spell-checker-portuguese-brazilian-2.0.2/out/src/extension
[2021-10-31 16:26:03.074] [exthost] [info] ExtensionService#_doActivateExtension vscode.markdown-math, startup: false, activationEvent: 'api', root cause: vscode.markdown-language-features
[2021-10-31 16:26:03.075] [exthost] [info] ExtensionService#loadCommonJSModule file:///usr/share/code/resources/app/extensions/markdown-math/dist/extension
[2021-10-31 16:26:03.112] [exthost] [info] ExtensionService#_doActivateExtension ms-vscode.js-debug, startup: false, activationEvent: 'onCommand:extension.js-debug.clearAutoAttachVariables'
[2021-10-31 16:26:03.112] [exthost] [info] ExtensionService#loadCommonJSModule file:///usr/share/code/resources/app/extensions/ms-vscode.js-debug/src/extension.js
[2021-10-31 16:26:03.391] [exthost] [info] eager extensions activated
[2021-10-31 16:26:03.454] [exthost] [info] ExtensionService#_doActivateExtension vscode.emmet, startup: false, activationEvent: 'onStartupFinished'
[2021-10-31 16:26:03.454] [exthost] [info] ExtensionService#loadCommonJSModule file:///usr/share/code/resources/app/extensions/emmet/dist/node/emmetNodeMain
[2021-10-31 16:26:03.475] [exthost] [info] ExtensionService#_doActivateExtension vscode.merge-conflict, startup: false, activationEvent: 'onStartupFinished'
[2021-10-31 16:26:03.475] [exthost] [info] ExtensionService#loadCommonJSModule file:///usr/share/code/resources/app/extensions/merge-conflict/dist/mergeConflictMain
[2021-10-31 16:26:03.534] [exthost] [info] ExtensionService#_doActivateExtension vscode.github-authentication, startup: false, activationEvent: 'onAuthenticationRequest:github'
[2021-10-31 16:26:03.534] [exthost] [info] ExtensionService#loadCommonJSModule file:///usr/share/code/resources/app/extensions/github-authentication/dist/extension.js
[2021-10-31 16:26:05.948] [exthost] [info] ExtensionService#_doActivateExtension vscode.css-language-features, startup: false, activationEvent: 'onLanguage:css'
[2021-10-31 16:26:05.948] [exthost] [info] ExtensionService#loadCommonJSModule file:///usr/share/code/resources/app/extensions/css-language-features/client/dist/node/cssClientMain
[2021-10-31 16:32:30.518] [exthost] [info] extension host terminating: renderer closed the socket
[2021-10-31 16:32:31.555] [exthost] [info] exiting with code 0
